10-31 18:20:10.651 INFO  - 初始化容器。
10-31 18:20:10.965 INFO  - 初始化配置服务
10-31 18:20:11.032 INFO  - 注册服务引用。
10-31 18:20:11.050 INFO  - 注册类型为 XMS.Core.Logging.ServiceModel.ILogCenterService 的 WCF 服务。
10-31 18:20:11.057 INFO  - 注册类型为 XMS.Inner.Coffee.Service.CoffeeService.ICoffeeService 的 WCF 服务。
10-31 18:20:11.062 INFO  - 绑定服务配置
10-31 18:20:11.106 INFO  - 容器初始化成功。
10-31 18:20:11.111 INFO  - 开始监听配置文件变化…
10-31 18:25:36.982 INFO  - 初始化容器。
10-31 18:25:37.280 INFO  - 初始化配置服务
10-31 18:25:37.345 INFO  - 注册服务引用。
10-31 18:25:37.363 INFO  - 注册类型为 XMS.Core.Logging.ServiceModel.ILogCenterService 的 WCF 服务。
10-31 18:25:37.371 INFO  - 注册类型为 XMS.Inner.Coffee.Service.ICoffeeService 的 WCF 服务。
10-31 18:25:37.376 INFO  - 绑定服务配置
10-31 18:25:37.405 INFO  - 容器初始化成功。
10-31 18:25:37.411 INFO  - 开始监听配置文件变化…
10-31 18:28:05.933 INFO  - 初始化容器。
10-31 18:28:06.220 INFO  - 初始化配置服务
10-31 18:28:06.285 INFO  - 注册服务引用。
10-31 18:28:06.303 INFO  - 注册类型为 XMS.Core.Logging.ServiceModel.ILogCenterService 的 WCF 服务。
10-31 18:28:06.308 INFO  - 注册类型为 XMS.Inner.Coffee.Service.ICoffeeService 的 WCF 服务。
10-31 18:28:06.315 INFO  - 绑定服务配置
10-31 18:28:06.340 INFO  - 容器初始化成功。
10-31 18:28:06.348 INFO  - 开始监听配置文件变化…
10-31 18:31:32.019 INFO  - 初始化容器。
10-31 18:31:32.523 INFO  - 初始化配置服务
10-31 18:31:32.587 INFO  - 注册服务引用。
10-31 18:31:32.605 INFO  - 注册类型为 XMS.Core.Logging.ServiceModel.ILogCenterService 的 WCF 服务。
10-31 18:31:32.644 INFO  - 注册类型为 XMS.Inner.Coffee.Service.ICoffeeService 的 WCF 服务。
10-31 18:31:32.649 INFO  - 绑定服务配置
10-31 18:31:32.675 INFO  - 容器初始化成功。
10-31 18:31:32.680 INFO  - 开始监听配置文件变化…
10-31 19:07:45.288 INFO  - 初始化容器。
10-31 19:07:45.787 INFO  - 初始化配置服务
10-31 19:07:45.878 INFO  - 注册服务引用。
10-31 19:07:45.898 INFO  - 注册类型为 XMS.Core.Logging.ServiceModel.ILogCenterService 的 WCF 服务。
10-31 19:07:45.906 INFO  - 注册类型为 XMS.Inner.Coffee.Service.ICoffeeService 的 WCF 服务。
10-31 19:07:45.911 INFO  - 绑定服务配置
10-31 19:07:45.941 INFO  - 容器初始化成功。
10-31 19:07:45.946 INFO  - 开始监听配置文件变化…
10-31 19:23:35.842 INFO  - 初始化容器。
10-31 19:23:36.245 INFO  - 初始化配置服务
10-31 19:23:36.309 INFO  - 注册服务引用。
10-31 19:23:36.352 INFO  - 注册类型为 XMS.Core.Logging.ServiceModel.ILogCenterService 的 WCF 服务。
10-31 19:23:36.362 INFO  - 注册类型为 XMS.Inner.Coffee.Service.ICoffeeService 的 WCF 服务。
10-31 19:23:36.370 INFO  - 绑定服务配置
10-31 19:23:36.395 INFO  - 容器初始化成功。
10-31 19:23:36.400 INFO  - 开始监听配置文件变化…
10-31 19:37:08.521 INFO  - 初始化容器。
10-31 19:37:08.798 INFO  - 初始化配置服务
10-31 19:37:08.869 INFO  - 注册服务引用。
10-31 19:37:08.890 INFO  - 注册类型为 XMS.Core.Logging.ServiceModel.ILogCenterService 的 WCF 服务。
10-31 19:37:08.922 INFO  - 注册类型为 XMS.Inner.Coffee.Service.ICoffeeService 的 WCF 服务。
10-31 19:37:08.930 INFO  - 绑定服务配置
10-31 19:37:08.955 INFO  - 容器初始化成功。
10-31 19:37:08.961 INFO  - 开始监听配置文件变化…
10-31 19:40:50.043 INFO  - 初始化容器。
10-31 19:40:50.757 INFO  - 初始化配置服务
10-31 19:40:50.863 INFO  - 注册服务引用。
10-31 19:40:50.882 INFO  - 注册类型为 XMS.Core.Logging.ServiceModel.ILogCenterService 的 WCF 服务。
10-31 19:40:50.889 INFO  - 注册类型为 XMS.Inner.Coffee.Service.ICoffeeService 的 WCF 服务。
10-31 19:40:50.897 INFO  - 绑定服务配置
10-31 19:40:50.928 INFO  - 容器初始化成功。
10-31 19:40:50.934 INFO  - 开始监听配置文件变化…
11-01 09:53:07.323 INFO  - 初始化容器。
11-01 09:53:09.871 INFO  - 初始化配置服务
11-01 09:53:10.524 INFO  - 注册服务引用。
11-01 09:53:10.558 INFO  - 注册类型为 XMS.Core.Logging.ServiceModel.ILogCenterService 的 WCF 服务。
11-01 09:53:10.569 INFO  - 注册类型为 XMS.Inner.Coffee.Service.ICoffeeService 的 WCF 服务。
11-01 09:53:10.575 INFO  - 绑定服务配置
11-01 09:53:10.712 INFO  - 容器初始化成功。
11-01 09:53:10.720 INFO  - 开始监听配置文件变化…
11-01 13:18:39.500 INFO  - 初始化容器。
11-01 13:18:40.149 INFO  - 初始化配置服务
11-01 13:18:40.251 INFO  - 注册服务引用。
11-01 13:18:40.275 INFO  - 注册类型为 XMS.Core.Logging.ServiceModel.ILogCenterService 的 WCF 服务。
11-01 13:18:40.282 INFO  - 注册类型为 XMS.Inner.Coffee.Service.ICoffeeService 的 WCF 服务。
11-01 13:18:40.288 INFO  - 绑定服务配置
11-01 13:18:40.316 INFO  - 容器初始化成功。
11-01 13:18:40.325 INFO  - 开始监听配置文件变化…
11-02 13:58:34.698 INFO  - 初始化容器。
11-02 13:58:37.124 INFO  - 初始化配置服务
11-02 13:58:37.708 INFO  - 注册服务引用。
11-02 13:58:37.731 INFO  - 注册类型为 XMS.Core.Logging.ServiceModel.ILogCenterService 的 WCF 服务。
11-02 13:58:37.737 INFO  - 注册类型为 XMS.Inner.Coffee.Service.ICoffeeService 的 WCF 服务。
11-02 13:58:37.745 INFO  - 绑定服务配置
11-02 13:58:38.296 INFO  - 容器初始化成功。
11-02 13:58:38.301 INFO  - 开始监听配置文件变化…
11-03 20:12:38.475 INFO  - 初始化容器。
11-03 20:12:39.568 INFO  - 初始化配置服务
11-03 20:12:39.911 INFO  - 注册服务引用。
11-03 20:12:39.949 INFO  - 注册类型为 XMS.Core.Logging.ServiceModel.ILogCenterService 的 WCF 服务。
11-03 20:12:39.955 INFO  - 注册类型为 XMS.Inner.Coffee.Service.ICoffeeService 的 WCF 服务。
11-03 20:12:39.960 INFO  - 绑定服务配置
11-03 20:12:40.117 INFO  - 容器初始化成功。
11-03 20:12:40.129 INFO  - 开始监听配置文件变化…
11-03 20:15:16.293 INFO  - 初始化容器。
11-03 20:15:16.529 INFO  - 初始化配置服务
11-03 20:15:16.598 INFO  - 注册服务引用。
11-03 20:15:16.614 INFO  - 注册类型为 XMS.Core.Logging.ServiceModel.ILogCenterService 的 WCF 服务。
11-03 20:15:16.619 INFO  - 注册类型为 XMS.Inner.Coffee.Service.ICoffeeService 的 WCF 服务。
11-03 20:15:16.624 INFO  - 绑定服务配置
11-03 20:15:16.645 INFO  - 容器初始化成功。
11-03 20:15:16.649 INFO  - 开始监听配置文件变化…
11-06 22:37:34.228 INFO  - 初始化容器。
11-06 22:37:35.553 INFO  - 初始化配置服务
11-06 22:37:36.256 INFO  - 注册服务引用。
11-06 22:37:36.295 INFO  - 注册类型为 XMS.Core.Logging.ServiceModel.ILogCenterService 的 WCF 服务。
11-06 22:37:36.304 INFO  - 注册类型为 XMS.Inner.Coffee.Service.ICoffeeService 的 WCF 服务。
11-06 22:37:36.313 INFO  - 绑定服务配置
11-06 22:37:36.459 INFO  - 容器初始化成功。
11-06 22:37:36.468 INFO  - 开始监听配置文件变化…
11-06 22:39:54.874 INFO  - 初始化容器。
11-06 22:39:55.160 INFO  - 初始化配置服务
11-06 22:39:55.220 INFO  - 注册服务引用。
11-06 22:39:55.237 INFO  - 注册类型为 XMS.Core.Logging.ServiceModel.ILogCenterService 的 WCF 服务。
11-06 22:39:55.243 INFO  - 注册类型为 XMS.Inner.Coffee.Service.ICoffeeService 的 WCF 服务。
11-06 22:39:55.248 INFO  - 绑定服务配置
11-06 22:39:55.272 INFO  - 容器初始化成功。
11-06 22:39:55.277 INFO  - 开始监听配置文件变化…
11-06 22:41:57.408 INFO  - 初始化容器。
11-06 22:41:57.657 INFO  - 初始化配置服务
11-06 22:41:57.712 INFO  - 注册服务引用。
11-06 22:41:57.729 INFO  - 注册类型为 XMS.Core.Logging.ServiceModel.ILogCenterService 的 WCF 服务。
11-06 22:41:57.736 INFO  - 注册类型为 XMS.Inner.Coffee.Service.ICoffeeService 的 WCF 服务。
11-06 22:41:57.741 INFO  - 绑定服务配置
11-06 22:41:57.765 INFO  - 容器初始化成功。
11-06 22:41:57.770 INFO  - 开始监听配置文件变化…
11-07 21:15:09.254 INFO  - 初始化容器。
11-07 21:15:10.674 INFO  - 初始化配置服务
11-07 21:15:11.236 INFO  - 注册服务引用。
11-07 21:15:11.282 INFO  - 注册类型为 XMS.Core.Logging.ServiceModel.ILogCenterService 的 WCF 服务。
11-07 21:15:11.292 INFO  - 注册类型为 XMS.Inner.Coffee.Service.ICoffeeService 的 WCF 服务。
11-07 21:15:11.300 INFO  - 绑定服务配置
11-07 21:15:11.508 INFO  - 容器初始化成功。
11-07 21:15:11.523 INFO  - 开始监听配置文件变化…
11-07 21:17:07.326 INFO  - 初始化容器。
11-07 21:17:07.590 INFO  - 初始化配置服务
11-07 21:17:07.648 INFO  - 注册服务引用。
11-07 21:17:07.666 INFO  - 注册类型为 XMS.Core.Logging.ServiceModel.ILogCenterService 的 WCF 服务。
11-07 21:17:07.674 INFO  - 注册类型为 XMS.Inner.Coffee.Service.ICoffeeService 的 WCF 服务。
11-07 21:17:07.679 INFO  - 绑定服务配置
11-07 21:17:07.703 INFO  - 容器初始化成功。
11-07 21:17:07.708 INFO  - 开始监听配置文件变化…
11-18 00:09:26.856 INFO  - 初始化容器。
11-18 00:09:27.076 INFO  - 初始化配置服务
11-18 00:09:27.144 INFO  - 注册服务引用。
11-18 00:09:27.162 INFO  - 注册类型为 XMS.Core.Logging.ServiceModel.ILogCenterService 的 WCF 服务。
11-18 00:09:27.168 INFO  - 注册类型为 XMS.Inner.Coffee.Service.ICoffeeService 的 WCF 服务。
11-18 00:09:27.175 INFO  - 绑定服务配置
11-18 00:09:27.230 INFO  - 容器初始化成功。
11-18 00:09:27.237 INFO  - 开始监听配置文件变化…
01-09 13:53:15.141 INFO  - 初始化容器。
01-09 13:53:16.001 INFO  - 初始化配置服务
01-09 13:53:16.364 INFO  - 注册服务引用。
01-09 13:53:16.406 INFO  - 注册类型为 XMS.Core.Logging.ServiceModel.ILogCenterService 的 WCF 服务。
01-09 13:53:16.413 INFO  - 注册类型为 XMS.Inner.Coffee.Service.ICoffeeService 的 WCF 服务。
01-09 13:53:16.420 INFO  - 绑定服务配置
01-09 13:53:16.577 INFO  - 容器初始化成功。
01-09 13:53:16.590 INFO  - 开始监听配置文件变化…
01-09 13:55:36.428 INFO  - 初始化容器。
01-09 13:55:36.668 INFO  - 初始化配置服务
01-09 13:55:36.733 INFO  - 注册服务引用。
01-09 13:55:36.753 INFO  - 注册类型为 XMS.Core.Logging.ServiceModel.ILogCenterService 的 WCF 服务。
01-09 13:55:36.761 INFO  - 注册类型为 XMS.Inner.Coffee.Service.ICoffeeService 的 WCF 服务。
01-09 13:55:36.766 INFO  - 绑定服务配置
01-09 13:55:36.794 INFO  - 容器初始化成功。
01-09 13:55:36.800 INFO  - 开始监听配置文件变化…
01-09 13:57:02.681 INFO  - 初始化容器。
01-09 13:57:02.903 INFO  - 初始化配置服务
01-09 13:57:02.969 INFO  - 注册服务引用。
01-09 13:57:02.987 INFO  - 注册类型为 XMS.Core.Logging.ServiceModel.ILogCenterService 的 WCF 服务。
01-09 13:57:02.995 INFO  - 注册类型为 XMS.Inner.Coffee.Service.ICoffeeService 的 WCF 服务。
01-09 13:57:03.001 INFO  - 绑定服务配置
01-09 13:57:03.029 INFO  - 容器初始化成功。
01-09 13:57:03.035 INFO  - 开始监听配置文件变化…
01-09 14:01:19.169 INFO  - 初始化容器。
01-09 14:01:19.420 INFO  - 初始化配置服务
01-09 14:01:19.498 INFO  - 注册服务引用。
01-09 14:01:19.524 INFO  - 注册类型为 XMS.Core.Logging.ServiceModel.ILogCenterService 的 WCF 服务。
01-09 14:01:19.534 INFO  - 注册类型为 XMS.Inner.Coffee.Service.ICoffeeService 的 WCF 服务。
01-09 14:01:19.544 INFO  - 绑定服务配置
01-09 14:01:19.576 INFO  - 容器初始化成功。
01-09 14:01:19.583 INFO  - 开始监听配置文件变化…
07-11 15:56:48.435 INFO  - 初始化容器。
07-11 15:56:48.751 INFO  - 初始化配置服务
07-11 15:56:48.826 INFO  - 注册服务引用。
07-11 15:56:48.845 INFO  - 注册类型为 XMS.Core.Logging.ServiceModel.ILogCenterService 的 WCF 服务。
07-11 15:56:48.852 INFO  - 注册类型为 XMS.Inner.Coffee.Service.ICoffeeService 的 WCF 服务。
07-11 15:56:48.859 INFO  - 绑定服务配置
07-11 15:56:48.890 INFO  - 容器初始化成功。
07-11 15:56:48.897 INFO  - 开始监听配置文件变化…
07-11 16:05:53.152 INFO  - 初始化容器。
07-11 16:05:53.412 INFO  - 初始化配置服务
07-11 16:05:53.477 INFO  - 注册服务引用。
07-11 16:05:53.495 INFO  - 注册类型为 XMS.Core.Logging.ServiceModel.ILogCenterService 的 WCF 服务。
07-11 16:05:53.501 INFO  - 注册类型为 XMS.Inner.Coffee.Service.ICoffeeService 的 WCF 服务。
07-11 16:05:53.509 INFO  - 绑定服务配置
07-11 16:05:53.536 INFO  - 容器初始化成功。
07-11 16:05:53.543 INFO  - 开始监听配置文件变化…
07-11 16:54:01.955 INFO  - 初始化容器。
07-11 16:54:02.231 INFO  - 初始化配置服务
07-11 16:54:02.307 INFO  - 注册服务引用。
07-11 16:54:02.326 INFO  - 注册类型为 XMS.Core.Logging.ServiceModel.ILogCenterService 的 WCF 服务。
07-11 16:54:02.336 INFO  - 注册类型为 XMS.Inner.Coffee.Service.ICoffeeService 的 WCF 服务。
07-11 16:54:02.343 INFO  - 绑定服务配置
07-11 16:54:02.375 INFO  - 容器初始化成功。
07-11 16:54:02.382 INFO  - 开始监听配置文件变化…
07-11 17:01:25.318 INFO  - 初始化容器。
07-11 17:01:25.539 INFO  - 初始化配置服务
07-11 17:01:25.604 INFO  - 注册服务引用。
07-11 17:01:25.623 INFO  - 注册类型为 XMS.Core.Logging.ServiceModel.ILogCenterService 的 WCF 服务。
07-11 17:01:25.630 INFO  - 注册类型为 XMS.Inner.Coffee.Service.ICoffeeService 的 WCF 服务。
07-11 17:01:25.636 INFO  - 绑定服务配置
07-11 17:01:25.665 INFO  - 容器初始化成功。
07-11 17:01:25.671 INFO  - 开始监听配置文件变化…
07-11 17:04:38.950 INFO  - 初始化容器。
07-11 17:04:39.295 INFO  - 初始化配置服务
07-11 17:04:39.358 INFO  - 注册服务引用。
07-11 17:04:39.376 INFO  - 注册类型为 XMS.Core.Logging.ServiceModel.ILogCenterService 的 WCF 服务。
07-11 17:04:39.383 INFO  - 注册类型为 XMS.Inner.Coffee.Service.ICoffeeService 的 WCF 服务。
07-11 17:04:39.392 INFO  - 绑定服务配置
07-11 17:04:39.421 INFO  - 容器初始化成功。
07-11 17:04:39.435 INFO  - 开始监听配置文件变化…
07-11 17:43:08.159 INFO  - 初始化容器。
07-11 17:43:08.594 INFO  - 初始化配置服务
07-11 17:43:08.676 INFO  - 注册服务引用。
07-11 17:43:08.697 INFO  - 注册类型为 XMS.Core.Logging.ServiceModel.ILogCenterService 的 WCF 服务。
07-11 17:43:08.705 INFO  - 注册类型为 XMS.Inner.Coffee.Service.ICoffeeService 的 WCF 服务。
07-11 17:43:08.711 INFO  - 绑定服务配置
07-11 17:43:08.743 INFO  - 容器初始化成功。
07-11 17:43:08.750 INFO  - 开始监听配置文件变化…
07-12 15:50:28.100 INFO  - 初始化容器。
07-12 15:50:29.272 INFO  - 初始化配置服务
07-12 15:50:29.406 INFO  - 注册服务引用。
07-12 15:50:29.424 INFO  - 注册类型为 XMS.Core.Logging.ServiceModel.ILogCenterService 的 WCF 服务。
07-12 15:50:29.540 INFO  - 注册类型为 XMS.Inner.Coffee.Service.ICoffeeService 的 WCF 服务。
07-12 15:50:29.546 INFO  - 绑定服务配置
07-12 15:50:29.582 INFO  - 容器初始化成功。
07-12 15:50:29.588 INFO  - 开始监听配置文件变化…
07-27 23:35:37.463 INFO  - 初始化容器。
07-27 23:35:39.197 INFO  - 初始化配置服务
07-27 23:35:39.838 INFO  - 注册服务引用。
07-27 23:35:39.853 INFO  - 注册类型为 XMS.Core.Logging.ServiceModel.ILogCenterService 的 WCF 服务。
07-27 23:35:39.869 INFO  - 注册类型为 XMS.Inner.Coffee.Service.ICoffeeService 的 WCF 服务。
07-27 23:35:39.869 INFO  - 绑定服务配置
07-27 23:35:40.479 INFO  - 容器初始化成功。
07-27 23:35:40.479 INFO  - 开始监听配置文件变化…
07-27 23:37:10.685 INFO  - 初始化容器。
07-27 23:37:11.016 INFO  - 初始化配置服务
07-27 23:37:11.101 INFO  - 注册服务引用。
07-27 23:37:11.120 INFO  - 注册类型为 XMS.Core.Logging.ServiceModel.ILogCenterService 的 WCF 服务。
07-27 23:37:11.122 INFO  - 注册类型为 XMS.Inner.Coffee.Service.ICoffeeService 的 WCF 服务。
07-27 23:37:11.122 INFO  - 绑定服务配置
07-27 23:37:11.166 INFO  - 容器初始化成功。
07-27 23:37:11.167 INFO  - 开始监听配置文件变化…
07-27 23:40:26.847 INFO  - 初始化容器。
07-27 23:40:27.228 INFO  - 初始化配置服务
07-27 23:40:27.358 INFO  - 注册服务引用。
07-27 23:40:27.376 INFO  - 注册类型为 XMS.Core.Logging.ServiceModel.ILogCenterService 的 WCF 服务。
07-27 23:40:27.378 INFO  - 注册类型为 XMS.Inner.Coffee.Service.ICoffeeService 的 WCF 服务。
07-27 23:40:27.378 INFO  - 绑定服务配置
07-27 23:40:27.435 INFO  - 容器初始化成功。
07-27 23:40:27.436 INFO  - 开始监听配置文件变化…
07-28 00:05:59.553 INFO  - 初始化容器。
07-28 00:05:59.997 INFO  - 初始化配置服务
07-28 00:06:00.077 INFO  - 注册服务引用。
07-28 00:06:00.095 INFO  - 注册类型为 XMS.Core.Logging.ServiceModel.ILogCenterService 的 WCF 服务。
07-28 00:06:00.097 INFO  - 注册类型为 XMS.Inner.Coffee.Service.ICoffeeService 的 WCF 服务。
07-28 00:06:00.098 INFO  - 绑定服务配置
07-28 00:06:00.140 INFO  - 容器初始化成功。
07-28 00:06:00.141 INFO  - 开始监听配置文件变化…
